<?xml version="1.0" encoding="UTF-8"?>
<coverage generated="1637760877">
  <project timestamp="1637760877">
    <file name="/Users/ramy.hakam/leet_code_php/ArrayProblems/MergeIntervals.php">
      <class name="Hakam\LeetCodePhp\ArrayProblems\MergeIntervals" namespace="global">
        <metrics complexity="6" methods="1" coveredmethods="0" conditionals="0" coveredconditionals="0" statements="13" coveredstatements="12" elements="14" coveredelements="12"/>
      </class>
      <line num="11" type="method" name="merge" visibility="public" complexity="6" crap="6.02" count="2"/>
      <line num="12" type="stmt" count="2"/>
      <line num="13" type="stmt" count="2"/>
      <line num="15" type="stmt" count="0"/>
      <line num="17" type="stmt" count="2"/>
      <line num="18" type="stmt" count="2"/>
      <line num="19" type="stmt" count="2"/>
      <line num="20" type="stmt" count="2"/>
      <line num="22" type="stmt" count="2"/>
      <line num="24" type="stmt" count="2"/>
      <line num="27" type="stmt" count="2"/>
      <line num="28" type="stmt" count="2"/>
      <line num="29" type="stmt" count="2"/>
      <line num="32" type="stmt" count="2"/>
      <line num="34" type="stmt" count="1"/>
      <metrics loc="33" ncloc="29" classes="1" methods="1" coveredmethods="0" conditionals="0" coveredconditionals="0" statements="13" coveredstatements="12" elements="14" coveredelements="12"/>
    </file>
    <file name="/Users/ramy.hakam/leet_code_php/ArrayProblems/MergeSortedArray.php">
      <class name="Hakam\LeetCodePhp\ArrayProblems\MergeSortedArray" namespace="global">
        <metrics complexity="10" methods="2" coveredmethods="2" conditionals="0" coveredconditionals="0" statements="18" coveredstatements="18" elements="20" coveredelements="20"/>
      </class>
      <line num="17" type="method" name="mergeByHeap" visibility="public" complexity="4" crap="4" count="1"/>
      <line num="19" type="stmt" count="1"/>
      <line num="20" type="stmt" count="1"/>
      <line num="21" type="stmt" count="1"/>
      <line num="22" type="stmt" count="1"/>
      <line num="24" type="stmt" count="1"/>
      <line num="26" type="stmt" count="1"/>
      <line num="28" type="stmt" count="1"/>
      <line num="29" type="stmt" count="1"/>
      <line num="31" type="stmt" count="1"/>
      <line num="34" type="method" name="mergeByPointers" visibility="public" complexity="6" crap="6" count="1"/>
      <line num="36" type="stmt" count="1"/>
      <line num="37" type="stmt" count="1"/>
      <line num="39" type="stmt" count="1"/>
      <line num="40" type="stmt" count="1"/>
      <line num="41" type="stmt" count="1"/>
      <line num="42" type="stmt" count="1"/>
      <line num="43" type="stmt" count="1"/>
      <line num="45" type="stmt" count="1"/>
      <line num="48" type="stmt" count="1"/>
      <line num="49" type="stmt" count="1"/>
      <metrics loc="48" ncloc="41" classes="1" methods="2" coveredmethods="2" conditionals="0" coveredconditionals="0" statements="18" coveredstatements="18" elements="20" coveredelements="20"/>
    </file>
    <file name="/Users/ramy.hakam/leet_code_php/ArrayProblems/MoveZeroes.php">
      <class name="Hakam\LeetCodePhp\ArrayProblems\MoveZeroes" namespace="global">
        <metrics complexity="3" methods="1" coveredmethods="1" conditionals="0" coveredconditionals="0" statements="5" coveredstatements="5" elements="6" coveredelements="6"/>
      </class>
      <line num="11" type="method" name="moveZeroes" visibility="public" complexity="3" crap="3" count="2"/>
      <line num="12" type="stmt" count="2"/>
      <line num="13" type="stmt" count="2"/>
      <line num="14" type="stmt" count="2"/>
      <line num="15" type="stmt" count="2"/>
      <line num="18" type="stmt" count="2"/>
      <line num="19" type="stmt" count="1"/>
      <metrics loc="18" ncloc="14" classes="1" methods="1" coveredmethods="1" conditionals="0" coveredconditionals="0" statements="5" coveredstatements="5" elements="6" coveredelements="6"/>
    </file>
    <file name="/Users/ramy.hakam/leet_code_php/ArrayProblems/RemoveElement.php">
      <class name="Hakam\LeetCodePhp\ArrayProblems\RemoveElement" namespace="global">
        <metrics complexity="3" methods="1" coveredmethods="1" conditionals="0" coveredconditionals="0" statements="5" coveredstatements="5" elements="6" coveredelements="6"/>
      </class>
      <line num="12" type="method" name="removeElement" visibility="public" complexity="3" crap="3" count="2"/>
      <line num="14" type="stmt" count="2"/>
      <line num="15" type="stmt" count="2"/>
      <line num="17" type="stmt" count="1"/>
      <line num="18" type="stmt" count="1"/>
      <line num="21" type="stmt" count="2"/>
      <line num="23" type="stmt" count="1"/>
      <metrics loc="22" ncloc="17" classes="1" methods="1" coveredmethods="1" conditionals="0" coveredconditionals="0" statements="5" coveredstatements="5" elements="6" coveredelements="6"/>
    </file>
    <file name="/Users/ramy.hakam/leet_code_php/ArrayProblems/ThreeSum.php">
      <class name="Hakam\LeetCodePhp\ArrayProblems\ThreeSum" namespace="global">
        <metrics complexity="9" methods="1" coveredmethods="1" conditionals="0" coveredconditionals="0" statements="20" coveredstatements="20" elements="21" coveredelements="21"/>
      </class>
      <line num="11" type="method" name="threeSum" visibility="public" complexity="9" crap="9" count="7"/>
      <line num="13" type="stmt" count="7"/>
      <line num="14" type="stmt" count="7"/>
      <line num="15" type="stmt" count="7"/>
      <line num="16" type="stmt" count="7"/>
      <line num="17" type="stmt" count="6"/>
      <line num="18" type="stmt" count="6"/>
      <line num="19" type="stmt" count="5"/>
      <line num="21" type="stmt" count="6"/>
      <line num="22" type="stmt" count="6"/>
      <line num="23" type="stmt" count="6"/>
      <line num="24" type="stmt" count="5"/>
      <line num="25" type="stmt" count="5"/>
      <line num="26" type="stmt" count="4"/>
      <line num="27" type="stmt" count="5"/>
      <line num="28" type="stmt" count="3"/>
      <line num="30" type="stmt" count="5"/>
      <line num="31" type="stmt" count="5"/>
      <line num="32" type="stmt" count="5"/>
      <line num="33" type="stmt" count="4"/>
      <line num="38" type="stmt" count="7"/>
      <line num="40" type="stmt" count="1"/>
      <metrics loc="39" ncloc="35" classes="1" methods="1" coveredmethods="1" conditionals="0" coveredconditionals="0" statements="20" coveredstatements="20" elements="21" coveredelements="21"/>
    </file>
    <file name="/Users/ramy.hakam/leet_code_php/ArrayProblems/TwoSum.php">
      <class name="Hakam\LeetCodePhp\ArrayProblems\TwoSum" namespace="global">
        <metrics complexity="4" methods="1" coveredmethods="0" conditionals="0" coveredconditionals="0" statements="6" coveredstatements="5" elements="7" coveredelements="5"/>
      </class>
      <line num="12" type="method" name="twoSum" visibility="public" complexity="4" crap="4.07" count="3"/>
      <line num="14" type="stmt" count="3"/>
      <line num="15" type="stmt" count="3"/>
      <line num="17" type="stmt" count="3"/>
      <line num="19" type="stmt" count="3"/>
      <line num="21" type="stmt" count="3"/>
      <line num="23" type="stmt" count="0"/>
      <line num="25" type="stmt" count="1"/>
      <metrics loc="24" ncloc="19" classes="1" methods="1" coveredmethods="0" conditionals="0" coveredconditionals="0" statements="6" coveredstatements="5" elements="7" coveredelements="5"/>
    </file>
    <file name="/Users/ramy.hakam/leet_code_php/Heap/KthLargestElementInAStream.php">
      <class name="Hakam\LeetCodePhp\Heap\KthLargestElementInAStream" namespace="global">
        <metrics complexity="8" methods="2" coveredmethods="2" conditionals="0" coveredconditionals="0" statements="16" coveredstatements="16" elements="18" coveredelements="18"/>
      </class>
      <line num="16" type="method" name="__construct" visibility="public" complexity="5" crap="5" count="2"/>
      <line num="18" type="stmt" count="2"/>
      <line num="19" type="stmt" count="2"/>
      <line num="20" type="stmt" count="2"/>
      <line num="22" type="stmt" count="1"/>
      <line num="23" type="stmt" count="1"/>
      <line num="25" type="stmt" count="1"/>
      <line num="26" type="stmt" count="1"/>
      <line num="29" type="stmt" count="1"/>
      <line num="30" type="stmt" count="1"/>
      <line num="34" type="stmt" count="2"/>
      <line num="40" type="method" name="add" visibility="public" complexity="3" crap="3" count="2"/>
      <line num="42" type="stmt" count="2"/>
      <line num="43" type="stmt" count="1"/>
      <line num="44" type="stmt" count="2"/>
      <line num="45" type="stmt" count="2"/>
      <line num="46" type="stmt" count="2"/>
      <line num="48" type="stmt" count="2"/>
      <line num="50" type="stmt" count="1"/>
      <metrics loc="49" ncloc="41" classes="1" methods="2" coveredmethods="2" conditionals="0" coveredconditionals="0" statements="16" coveredstatements="16" elements="18" coveredelements="18"/>
    </file>
    <file name="/Users/ramy.hakam/leet_code_php/Heap/KthLargestElementInAnArray.php">
      <class name="Hakam\LeetCodePhp\Heap\KthLargestElementInAnArray" namespace="global">
        <metrics complexity="4" methods="1" coveredmethods="1" conditionals="0" coveredconditionals="0" statements="9" coveredstatements="9" elements="10" coveredelements="10"/>
      </class>
      <line num="10" type="method" name="findKthLargest" visibility="public" complexity="4" crap="4" count="2"/>
      <line num="12" type="stmt" count="2"/>
      <line num="13" type="stmt" count="2"/>
      <line num="14" type="stmt" count="2"/>
      <line num="17" type="stmt" count="2"/>
      <line num="18" type="stmt" count="2"/>
      <line num="19" type="stmt" count="1"/>
      <line num="21" type="stmt" count="2"/>
      <line num="22" type="stmt" count="2"/>
      <line num="24" type="stmt" count="2"/>
      <line num="26" type="stmt" count="1"/>
      <metrics loc="25" ncloc="25" classes="1" methods="1" coveredmethods="1" conditionals="0" coveredconditionals="0" statements="9" coveredstatements="9" elements="10" coveredelements="10"/>
    </file>
    <file name="/Users/ramy.hakam/leet_code_php/Heap/MedianStream.php">
      <class name="Hakam\LeetCodePhp\Heap\MedianStream" namespace="global">
        <metrics complexity="8" methods="1" coveredmethods="1" conditionals="0" coveredconditionals="0" statements="21" coveredstatements="21" elements="22" coveredelements="22"/>
      </class>
      <line num="9" type="method" name="findMedian" visibility="public" complexity="8" crap="8" count="2"/>
      <line num="11" type="stmt" count="2"/>
      <line num="12" type="stmt" count="2"/>
      <line num="14" type="stmt" count="2"/>
      <line num="16" type="stmt" count="2"/>
      <line num="19" type="stmt" count="2"/>
      <line num="20" type="stmt" count="2"/>
      <line num="21" type="stmt" count="2"/>
      <line num="22" type="stmt" count="2"/>
      <line num="25" type="stmt" count="2"/>
      <line num="26" type="stmt" count="2"/>
      <line num="27" type="stmt" count="2"/>
      <line num="28" type="stmt" count="2"/>
      <line num="31" type="stmt" count="1"/>
      <line num="32" type="stmt" count="1"/>
      <line num="33" type="stmt" count="1"/>
      <line num="35" type="stmt" count="1"/>
      <line num="38" type="stmt" count="1"/>
      <line num="39" type="stmt" count="1"/>
      <line num="42" type="stmt" count="1"/>
      <line num="46" type="stmt" count="1"/>
      <line num="49" type="stmt" count="2"/>
      <line num="51" type="stmt" count="1"/>
      <metrics loc="50" ncloc="50" classes="1" methods="1" coveredmethods="1" conditionals="0" coveredconditionals="0" statements="21" coveredstatements="21" elements="22" coveredelements="22"/>
    </file>
    <file name="/Users/ramy.hakam/leet_code_php/Heap/TopKFrequentElements.php">
      <class name="Hakam\LeetCodePhp\Heap\TopKFrequentElements" namespace="global">
        <metrics complexity="6" methods="1" coveredmethods="1" conditionals="0" coveredconditionals="0" statements="12" coveredstatements="12" elements="13" coveredelements="13"/>
      </class>
      <class name="Hakam\LeetCodePhp\Heap\PQ" namespace="global">
        <metrics complexity="3" methods="1" coveredmethods="1" conditionals="0" coveredconditionals="0" statements="3" coveredstatements="3" elements="4" coveredelements="4"/>
      </class>
      <line num="14" type="method" name="topKFrequent" visibility="public" complexity="6" crap="6" count="2"/>
      <line num="17" type="stmt" count="2"/>
      <line num="18" type="stmt" count="2"/>
      <line num="19" type="stmt" count="2"/>
      <line num="20" type="stmt" count="2"/>
      <line num="22" type="stmt" count="1"/>
      <line num="25" type="stmt" count="2"/>
      <line num="28" type="stmt" count="2"/>
      <line num="29" type="stmt" count="2"/>
      <line num="30" type="stmt" count="2"/>
      <line num="34" type="stmt" count="2"/>
      <line num="35" type="stmt" count="2"/>
      <line num="38" type="stmt" count="2"/>
      <line num="44" type="method" name="compare" visibility="public" complexity="3" crap="3" count="1"/>
      <line num="46" type="stmt" count="1"/>
      <line num="47" type="stmt" count="1"/>
      <line num="49" type="stmt" count="1"/>
      <line num="51" type="stmt" count="1"/>
      <metrics loc="50" ncloc="45" classes="2" methods="2" coveredmethods="2" conditionals="0" coveredconditionals="0" statements="15" coveredstatements="15" elements="17" coveredelements="17"/>
    </file>
    <file name="/Users/ramy.hakam/leet_code_php/LinkedList/ListNode.php">
      <class name="Hakam\LeetCodePhp\LinkedList\ListNode" namespace="global">
        <metrics complexity="1" methods="0" coveredmethods="0" conditionals="0" coveredconditionals="0" statements="0" coveredstatements="0" elements="0" coveredelements="0"/>
      </class>
      <line num="23" type="stmt" count="1"/>
      <metrics loc="22" ncloc="14" classes="0" methods="0" coveredmethods="0" conditionals="0" coveredconditionals="0" statements="0" coveredstatements="0" elements="0" coveredelements="0"/>
    </file>
    <file name="/Users/ramy.hakam/leet_code_php/LinkedList/MergedToSortedList.php">
      <class name="Hakam\LeetCodePhp\LinkedList\MergedToSortedList" namespace="global">
        <metrics complexity="4" methods="1" coveredmethods="0" conditionals="0" coveredconditionals="0" statements="9" coveredstatements="8" elements="10" coveredelements="8"/>
      </class>
      <line num="13" type="method" name="mergeTwoLists" visibility="public" complexity="4" crap="4.02" count="3"/>
      <line num="15" type="stmt" count="3"/>
      <line num="16" type="stmt" count="3"/>
      <line num="18" type="stmt" count="2"/>
      <line num="19" type="stmt" count="0"/>
      <line num="22" type="stmt" count="2"/>
      <line num="23" type="stmt" count="2"/>
      <line num="24" type="stmt" count="2"/>
      <line num="27" type="stmt" count="2"/>
      <line num="28" type="stmt" count="2"/>
      <line num="30" type="stmt" count="1"/>
      <metrics loc="29" ncloc="24" classes="1" methods="1" coveredmethods="0" conditionals="0" coveredconditionals="0" statements="9" coveredstatements="8" elements="10" coveredelements="8"/>
    </file>
    <file name="/Users/ramy.hakam/leet_code_php/LinkedList/ReOrderList.php">
      <class name="Hakam\LeetCodePhp\LinkedList\ReOrderList" namespace="global">
        <metrics complexity="4" methods="1" coveredmethods="1" conditionals="0" coveredconditionals="0" statements="17" coveredstatements="17" elements="18" coveredelements="18"/>
      </class>
      <line num="12" type="method" name="reorderList" visibility="public" complexity="4" crap="4" count="2"/>
      <line num="13" type="stmt" count="2"/>
      <line num="14" type="stmt" count="2"/>
      <line num="15" type="stmt" count="2"/>
      <line num="16" type="stmt" count="2"/>
      <line num="18" type="stmt" count="2"/>
      <line num="19" type="stmt" count="2"/>
      <line num="21" type="stmt" count="2"/>
      <line num="22" type="stmt" count="2"/>
      <line num="23" type="stmt" count="2"/>
      <line num="25" type="stmt" count="2"/>
      <line num="26" type="stmt" count="2"/>
      <line num="27" type="stmt" count="2"/>
      <line num="29" type="stmt" count="2"/>
      <line num="31" type="stmt" count="2"/>
      <line num="32" type="stmt" count="2"/>
      <line num="33" type="stmt" count="2"/>
      <line num="35" type="stmt" count="2"/>
      <line num="37" type="stmt" count="1"/>
      <metrics loc="36" ncloc="32" classes="1" methods="1" coveredmethods="1" conditionals="0" coveredconditionals="0" statements="17" coveredstatements="17" elements="18" coveredelements="18"/>
    </file>
    <file name="/Users/ramy.hakam/leet_code_php/LinkedList/ReverseLinkedList.php">
      <class name="Hakam\LeetCodePhp\LinkedList\ReverseLinkedList" namespace="global">
        <metrics complexity="2" methods="1" coveredmethods="1" conditionals="0" coveredconditionals="0" statements="8" coveredstatements="8" elements="9" coveredelements="9"/>
      </class>
      <line num="7" type="method" name="reverseList" visibility="public" complexity="2" crap="2" count="2"/>
      <line num="9" type="stmt" count="2"/>
      <line num="10" type="stmt" count="2"/>
      <line num="11" type="stmt" count="2"/>
      <line num="13" type="stmt" count="2"/>
      <line num="14" type="stmt" count="2"/>
      <line num="15" type="stmt" count="2"/>
      <line num="16" type="stmt" count="2"/>
      <line num="18" type="stmt" count="2"/>
      <line num="20" type="stmt" count="1"/>
      <metrics loc="19" ncloc="19" classes="1" methods="1" coveredmethods="1" conditionals="0" coveredconditionals="0" statements="8" coveredstatements="8" elements="9" coveredelements="9"/>
    </file>
    <file name="/Users/ramy.hakam/leet_code_php/String/FindAllAnagramsInAString.php">
      <class name="Hakam\LeetCodePhp\String\FindAllAnagramsInAString" namespace="global">
        <metrics complexity="13" methods="1" coveredmethods="0" conditionals="0" coveredconditionals="0" statements="22" coveredstatements="20" elements="23" coveredelements="20"/>
      </class>
      <line num="15" type="method" name="findAnagrams" visibility="public" complexity="13" crap="13.13" count="3"/>
      <line num="18" type="stmt" count="3"/>
      <line num="19" type="stmt" count="0"/>
      <line num="21" type="stmt" count="3"/>
      <line num="22" type="stmt" count="3"/>
      <line num="23" type="stmt" count="3"/>
      <line num="24" type="stmt" count="3"/>
      <line num="27" type="stmt" count="3"/>
      <line num="28" type="stmt" count="3"/>
      <line num="29" type="stmt" count="3"/>
      <line num="31" type="stmt" count="3"/>
      <line num="34" type="stmt" count="3"/>
      <line num="35" type="stmt" count="3"/>
      <line num="37" type="stmt" count="2"/>
      <line num="40" type="stmt" count="3"/>
      <line num="43" type="stmt" count="3"/>
      <line num="44" type="stmt" count="2"/>
      <line num="46" type="stmt" count="3"/>
      <line num="50" type="stmt" count="3"/>
      <line num="51" type="stmt" count="3"/>
      <line num="55" type="stmt" count="3"/>
      <line num="56" type="stmt" count="3"/>
      <line num="59" type="stmt" count="0"/>
      <line num="61" type="stmt" count="1"/>
      <metrics loc="60" ncloc="55" classes="1" methods="1" coveredmethods="0" conditionals="0" coveredconditionals="0" statements="22" coveredstatements="20" elements="23" coveredelements="20"/>
    </file>
    <file name="/Users/ramy.hakam/leet_code_php/String/GroupAnagrams.php">
      <class name="Hakam\LeetCodePhp\String\GroupAnagrams" namespace="global">
        <metrics complexity="3" methods="1" coveredmethods="1" conditionals="0" coveredconditionals="0" statements="8" coveredstatements="8" elements="9" coveredelements="9"/>
      </class>
      <line num="13" type="method" name="groupAnagrams" visibility="public" complexity="3" crap="3" count="2"/>
      <line num="15" type="stmt" count="2"/>
      <line num="16" type="stmt" count="2"/>
      <line num="17" type="stmt" count="2"/>
      <line num="18" type="stmt" count="2"/>
      <line num="19" type="stmt" count="2"/>
      <line num="20" type="stmt" count="1"/>
      <line num="22" type="stmt" count="2"/>
      <line num="25" type="stmt" count="2"/>
      <line num="27" type="stmt" count="1"/>
      <metrics loc="26" ncloc="22" classes="1" methods="1" coveredmethods="1" conditionals="0" coveredconditionals="0" statements="8" coveredstatements="8" elements="9" coveredelements="9"/>
    </file>
    <file name="/Users/ramy.hakam/leet_code_php/String/LongestSubstringWithoutRepeatingCharacters.php">
      <class name="Hakam\LeetCodePhp\String\LongestSubstringWithoutRepeatingCharacters" namespace="global">
        <metrics complexity="5" methods="1" coveredmethods="0" conditionals="0" coveredconditionals="0" statements="11" coveredstatements="10" elements="12" coveredelements="10"/>
      </class>
      <line num="7" type="method" name="lengthOfLongestSubstring" visibility="public" complexity="5" crap="5.02" count="7"/>
      <line num="9" type="stmt" count="7"/>
      <line num="10" type="stmt" count="0"/>
      <line num="12" type="stmt" count="7"/>
      <line num="13" type="stmt" count="7"/>
      <line num="14" type="stmt" count="7"/>
      <line num="15" type="stmt" count="6"/>
      <line num="16" type="stmt" count="6"/>
      <line num="17" type="stmt" count="5"/>
      <line num="20" type="stmt" count="6"/>
      <line num="21" type="stmt" count="6"/>
      <line num="23" type="stmt" count="7"/>
      <line num="25" type="stmt" count="1"/>
      <metrics loc="24" ncloc="24" classes="1" methods="1" coveredmethods="0" conditionals="0" coveredconditionals="0" statements="11" coveredstatements="10" elements="12" coveredelements="10"/>
    </file>
    <file name="/Users/ramy.hakam/leet_code_php/String/RemoveAllAdjacentDuplicatesInString.php">
      <class name="Hakam\LeetCodePhp\String\RemoveAllAdjacentDuplicatesInString" namespace="global">
        <metrics complexity="3" methods="1" coveredmethods="1" conditionals="0" coveredconditionals="0" statements="6" coveredstatements="6" elements="7" coveredelements="7"/>
      </class>
      <line num="12" type="method" name="removeDuplicates" visibility="public" complexity="3" crap="3" count="2"/>
      <line num="14" type="stmt" count="2"/>
      <line num="15" type="stmt" count="2"/>
      <line num="17" type="stmt" count="2"/>
      <line num="18" type="stmt" count="2"/>
      <line num="20" type="stmt" count="2"/>
      <line num="23" type="stmt" count="2"/>
      <line num="25" type="stmt" count="1"/>
      <metrics loc="24" ncloc="20" classes="1" methods="1" coveredmethods="1" conditionals="0" coveredconditionals="0" statements="6" coveredstatements="6" elements="7" coveredelements="7"/>
    </file>
    <file name="/Users/ramy.hakam/leet_code_php/String/RemoveAllAdjacentDuplicatesInStringII.php">
      <class name="Hakam\LeetCodePhp\String\RemoveAllAdjacentDuplicatesInStringII" namespace="global">
        <metrics complexity="7" methods="1" coveredmethods="1" conditionals="0" coveredconditionals="0" statements="13" coveredstatements="13" elements="14" coveredelements="14"/>
      </class>
      <line num="14" type="method" name="removeDuplicates" visibility="public" complexity="7" crap="7" count="2"/>
      <line num="17" type="stmt" count="2"/>
      <line num="18" type="stmt" count="2"/>
      <line num="19" type="stmt" count="1"/>
      <line num="20" type="stmt" count="1"/>
      <line num="22" type="stmt" count="1"/>
      <line num="25" type="stmt" count="2"/>
      <line num="28" type="stmt" count="2"/>
      <line num="29" type="stmt" count="2"/>
      <line num="30" type="stmt" count="1"/>
      <line num="31" type="stmt" count="1"/>
      <line num="32" type="stmt" count="1"/>
      <line num="33" type="stmt" count="1"/>
      <line num="36" type="stmt" count="2"/>
      <line num="38" type="stmt" count="1"/>
      <metrics loc="37" ncloc="32" classes="1" methods="1" coveredmethods="1" conditionals="0" coveredconditionals="0" statements="13" coveredstatements="13" elements="14" coveredelements="14"/>
    </file>
    <file name="/Users/ramy.hakam/leet_code_php/String/RomanToInteger.php">
      <class name="Hakam\LeetCodePhp\String\RomanToInteger" namespace="global">
        <metrics complexity="13" methods="1" coveredmethods="1" conditionals="0" coveredconditionals="0" statements="16" coveredstatements="16" elements="17" coveredelements="17"/>
      </class>
      <line num="11" type="method" name="romanToInt" visibility="public" complexity="13" crap="13" count="2"/>
      <line num="12" type="stmt" count="2"/>
      <line num="13" type="stmt" count="2"/>
      <line num="14" type="stmt" count="2"/>
      <line num="16" type="stmt" count="2"/>
      <line num="17" type="stmt" count="2"/>
      <line num="18" type="stmt" count="2"/>
      <line num="20" type="stmt" count="1"/>
      <line num="21" type="stmt" count="1"/>
      <line num="24" type="stmt" count="2"/>
      <line num="26" type="stmt" count="2"/>
      <line num="27" type="stmt" count="2"/>
      <line num="30" type="stmt" count="2"/>
      <line num="32" type="stmt" count="2"/>
      <line num="33" type="stmt" count="2"/>
      <line num="36" type="stmt" count="2"/>
      <line num="38" type="stmt" count="2"/>
      <line num="40" type="stmt" count="1"/>
      <metrics loc="39" ncloc="35" classes="1" methods="1" coveredmethods="1" conditionals="0" coveredconditionals="0" statements="16" coveredstatements="16" elements="17" coveredelements="17"/>
    </file>
    <file name="/Users/ramy.hakam/leet_code_php/String/StringToInteger.php">
      <class name="Hakam\LeetCodePhp\String\StringToInteger" namespace="global">
        <metrics complexity="6" methods="1" coveredmethods="0" conditionals="0" coveredconditionals="0" statements="15" coveredstatements="14" elements="16" coveredelements="14"/>
      </class>
      <line num="12" type="method" name="myAtoi" visibility="public" complexity="6" crap="6.01" count="4"/>
      <line num="14" type="stmt" count="4"/>
      <line num="15" type="stmt" count="4"/>
      <line num="16" type="stmt" count="4"/>
      <line num="17" type="stmt" count="4"/>
      <line num="18" type="stmt" count="4"/>
      <line num="19" type="stmt" count="3"/>
      <line num="20" type="stmt" count="3"/>
      <line num="22" type="stmt" count="4"/>
      <line num="23" type="stmt" count="4"/>
      <line num="24" type="stmt" count="4"/>
      <line num="25" type="stmt" count="2"/>
      <line num="27" type="stmt" count="3"/>
      <line num="29" type="stmt" count="3"/>
      <line num="30" type="stmt" count="0"/>
      <line num="33" type="stmt" count="2"/>
      <line num="36" type="stmt" count="1"/>
      <metrics loc="35" ncloc="31" classes="1" methods="1" coveredmethods="0" conditionals="0" coveredconditionals="0" statements="15" coveredstatements="14" elements="16" coveredelements="14"/>
    </file>
    <file name="/Users/ramy.hakam/leet_code_php/String/ValidPalindrome.php">
      <class name="Hakam\LeetCodePhp\String\ValidPalindrome" namespace="global">
        <metrics complexity="6" methods="1" coveredmethods="1" conditionals="0" coveredconditionals="0" statements="13" coveredstatements="13" elements="14" coveredelements="14"/>
      </class>
      <line num="11" type="method" name="isPalindromeByIteration" visibility="public" complexity="6" crap="6" count="6"/>
      <line num="12" type="stmt" count="6"/>
      <line num="13" type="stmt" count="6"/>
      <line num="14" type="stmt" count="6"/>
      <line num="15" type="stmt" count="6"/>
      <line num="16" type="stmt" count="1"/>
      <line num="19" type="stmt" count="5"/>
      <line num="21" type="stmt" count="5"/>
      <line num="22" type="stmt" count="5"/>
      <line num="23" type="stmt" count="2"/>
      <line num="25" type="stmt" count="4"/>
      <line num="27" type="stmt" count="1"/>
      <line num="29" type="stmt" count="4"/>
      <line num="31" type="stmt" count="2"/>
      <line num="33" type="stmt" count="1"/>
      <metrics loc="32" ncloc="28" classes="1" methods="1" coveredmethods="1" conditionals="0" coveredconditionals="0" statements="13" coveredstatements="13" elements="14" coveredelements="14"/>
    </file>
    <file name="/Users/ramy.hakam/leet_code_php/String/ValidPalindromeII.php">
      <class name="Hakam\LeetCodePhp\String\ValidPalindromeII" namespace="global">
        <metrics complexity="7" methods="2" coveredmethods="2" conditionals="0" coveredconditionals="0" statements="12" coveredstatements="12" elements="14" coveredelements="14"/>
      </class>
      <line num="12" type="method" name="validPalindrome" visibility="public" complexity="4" crap="4" count="5"/>
      <line num="14" type="stmt" count="5"/>
      <line num="15" type="stmt" count="5"/>
      <line num="16" type="stmt" count="5"/>
      <line num="17" type="stmt" count="4"/>
      <line num="18" type="stmt" count="3"/>
      <line num="20" type="stmt" count="2"/>
      <line num="21" type="stmt" count="2"/>
      <line num="23" type="stmt" count="2"/>
      <line num="26" type="method" name="isPalindrome" visibility="private" complexity="3" crap="3" count="3"/>
      <line num="28" type="stmt" count="3"/>
      <line num="29" type="stmt" count="2"/>
      <line num="30" type="stmt" count="2"/>
      <line num="33" type="stmt" count="1"/>
      <line num="35" type="stmt" count="1"/>
      <metrics loc="34" ncloc="30" classes="1" methods="2" coveredmethods="2" conditionals="0" coveredconditionals="0" statements="12" coveredstatements="12" elements="14" coveredelements="14"/>
    </file>
    <file name="/Users/ramy.hakam/leet_code_php/Tree/BinaryTreeLevelOrderTraversal.php">
      <class name="Hakam\LeetCodePhp\Tree\BinaryTreeLevelOrderTraversal" namespace="global">
        <metrics complexity="5" methods="1" coveredmethods="0" conditionals="0" coveredconditionals="0" statements="14" coveredstatements="13" elements="15" coveredelements="13"/>
      </class>
      <line num="14" type="method" name="levelOrder" visibility="public" complexity="5" crap="5.01" count="2"/>
      <line num="16" type="stmt" count="2"/>
      <line num="18" type="stmt" count="0"/>
      <line num="20" type="stmt" count="2"/>
      <line num="21" type="stmt" count="2"/>
      <line num="22" type="stmt" count="2"/>
      <line num="23" type="stmt" count="2"/>
      <line num="25" type="stmt" count="2"/>
      <line num="27" type="stmt" count="2"/>
      <line num="28" type="stmt" count="2"/>
      <line num="29" type="stmt" count="2"/>
      <line num="30" type="stmt" count="2"/>
      <line num="31" type="stmt" count="2"/>
      <line num="32" type="stmt" count="2"/>
      <line num="35" type="stmt" count="2"/>
      <line num="37" type="stmt" count="1"/>
      <metrics loc="36" ncloc="32" classes="1" methods="1" coveredmethods="0" conditionals="0" coveredconditionals="0" statements="14" coveredstatements="13" elements="15" coveredelements="13"/>
    </file>
    <file name="/Users/ramy.hakam/leet_code_php/Tree/BinaryTreePaths.php">
      <class name="Hakam\LeetCodePhp\Tree\BinaryTreePaths" namespace="global">
        <metrics complexity="7" methods="2" coveredmethods="1" conditionals="0" coveredconditionals="0" statements="14" coveredstatements="13" elements="16" coveredelements="14"/>
      </class>
      <line num="13" type="method" name="binaryTreePaths" visibility="public" complexity="1" crap="1" count="2"/>
      <line num="15" type="stmt" count="2"/>
      <line num="16" type="stmt" count="2"/>
      <line num="19" type="method" name="findLeafPath" visibility="public" complexity="6" crap="6.02" count="2"/>
      <line num="21" type="stmt" count="2"/>
      <line num="22" type="stmt" count="0"/>
      <line num="24" type="stmt" count="2"/>
      <line num="26" type="stmt" count="2"/>
      <line num="27" type="stmt" count="2"/>
      <line num="28" type="stmt" count="2"/>
      <line num="30" type="stmt" count="1"/>
      <line num="32" type="stmt" count="1"/>
      <line num="34" type="stmt" count="1"/>
      <line num="36" type="stmt" count="1"/>
      <line num="38" type="stmt" count="1"/>
      <line num="40" type="stmt" count="1"/>
      <line num="41" type="stmt" count="1"/>
      <metrics loc="40" ncloc="36" classes="1" methods="2" coveredmethods="1" conditionals="0" coveredconditionals="0" statements="14" coveredstatements="13" elements="16" coveredelements="14"/>
    </file>
    <file name="/Users/ramy.hakam/leet_code_php/Tree/BinaryTreePostorderTraversal.php">
      <class name="Hakam\LeetCodePhp\Tree\BinaryTreePostorderTraversal" namespace="global">
        <metrics complexity="9" methods="2" coveredmethods="0" conditionals="0" coveredconditionals="0" statements="20" coveredstatements="16" elements="22" coveredelements="16"/>
      </class>
      <line num="11" type="method" name="postorderTraversalBYRecursion" visibility="public" complexity="4" crap="4.03" count="2"/>
      <line num="13" type="stmt" count="2"/>
      <line num="14" type="stmt" count="0"/>
      <line num="17" type="stmt" count="2"/>
      <line num="19" type="stmt" count="1"/>
      <line num="21" type="stmt" count="2"/>
      <line num="22" type="stmt" count="1"/>
      <line num="24" type="stmt" count="2"/>
      <line num="26" type="stmt" count="2"/>
      <line num="30" type="method" name="postorderTraversalBYIneration" visibility="public" complexity="5" crap="5.39" count="2"/>
      <line num="32" type="stmt" count="2"/>
      <line num="33" type="stmt" count="0"/>
      <line num="35" type="stmt" count="2"/>
      <line num="36" type="stmt" count="2"/>
      <line num="37" type="stmt" count="2"/>
      <line num="38" type="stmt" count="2"/>
      <line num="40" type="stmt" count="2"/>
      <line num="41" type="stmt" count="0"/>
      <line num="44" type="stmt" count="2"/>
      <line num="45" type="stmt" count="0"/>
      <line num="47" type="stmt" count="2"/>
      <line num="49" type="stmt" count="2"/>
      <line num="52" type="stmt" count="1"/>
      <metrics loc="51" ncloc="47" classes="1" methods="2" coveredmethods="0" conditionals="0" coveredconditionals="0" statements="20" coveredstatements="16" elements="22" coveredelements="16"/>
    </file>
    <file name="/Users/ramy.hakam/leet_code_php/Tree/BinaryTreePreorderTraversal.php">
      <class name="Hakam\LeetCodePhp\Tree\BinaryTreePreorderTraversal" namespace="global">
        <metrics complexity="9" methods="2" coveredmethods="0" conditionals="0" coveredconditionals="0" statements="20" coveredstatements="16" elements="22" coveredelements="16"/>
      </class>
      <line num="11" type="method" name="preorderTraversalBYRecursion" visibility="public" complexity="4" crap="4.03" count="2"/>
      <line num="13" type="stmt" count="2"/>
      <line num="14" type="stmt" count="0"/>
      <line num="17" type="stmt" count="2"/>
      <line num="18" type="stmt" count="2"/>
      <line num="19" type="stmt" count="1"/>
      <line num="21" type="stmt" count="2"/>
      <line num="22" type="stmt" count="1"/>
      <line num="24" type="stmt" count="2"/>
      <line num="28" type="method" name="preorderTraversalBYIneration" visibility="public" complexity="5" crap="5.39" count="2"/>
      <line num="30" type="stmt" count="2"/>
      <line num="31" type="stmt" count="0"/>
      <line num="33" type="stmt" count="2"/>
      <line num="34" type="stmt" count="2"/>
      <line num="35" type="stmt" count="2"/>
      <line num="36" type="stmt" count="2"/>
      <line num="37" type="stmt" count="2"/>
      <line num="38" type="stmt" count="2"/>
      <line num="39" type="stmt" count="0"/>
      <line num="42" type="stmt" count="2"/>
      <line num="43" type="stmt" count="0"/>
      <line num="46" type="stmt" count="2"/>
      <line num="48" type="stmt" count="1"/>
      <metrics loc="47" ncloc="43" classes="1" methods="2" coveredmethods="0" conditionals="0" coveredconditionals="0" statements="20" coveredstatements="16" elements="22" coveredelements="16"/>
    </file>
    <file name="/Users/ramy.hakam/leet_code_php/Tree/BinaryTreeRightSideView.php">
      <class name="Hakam\LeetCodePhp\Tree\BinaryTreeRightSideView" namespace="global">
        <metrics complexity="6" methods="2" coveredmethods="1" conditionals="0" coveredconditionals="0" statements="11" coveredstatements="10" elements="13" coveredelements="11"/>
      </class>
      <line num="13" type="method" name="rightSideView" visibility="public" complexity="1" crap="1" count="3"/>
      <line num="16" type="stmt" count="3"/>
      <line num="17" type="stmt" count="3"/>
      <line num="20" type="method" name="getViewNode" visibility="public" complexity="5" crap="5.03" count="3"/>
      <line num="22" type="stmt" count="3"/>
      <line num="23" type="stmt" count="0"/>
      <line num="25" type="stmt" count="3"/>
      <line num="26" type="stmt" count="3"/>
      <line num="29" type="stmt" count="3"/>
      <line num="30" type="stmt" count="3"/>
      <line num="32" type="stmt" count="3"/>
      <line num="33" type="stmt" count="2"/>
      <line num="35" type="stmt" count="3"/>
      <line num="36" type="stmt" count="1"/>
      <metrics loc="35" ncloc="31" classes="1" methods="2" coveredmethods="1" conditionals="0" coveredconditionals="0" statements="11" coveredstatements="10" elements="13" coveredelements="11"/>
    </file>
    <file name="/Users/ramy.hakam/leet_code_php/Tree/BinaryTreeVerticalOrderTraversal.php">
      <class name="Hakam\LeetCodePhp\Tree\BinaryTreeVerticalOrderTraversal" namespace="global">
        <metrics complexity="5" methods="1" coveredmethods="0" conditionals="0" coveredconditionals="0" statements="12" coveredstatements="11" elements="13" coveredelements="11"/>
      </class>
      <line num="14" type="method" name="verticalOrder" visibility="public" complexity="5" crap="5.01" count="3"/>
      <line num="16" type="stmt" count="3"/>
      <line num="17" type="stmt" count="0"/>
      <line num="20" type="stmt" count="3"/>
      <line num="22" type="stmt" count="3"/>
      <line num="23" type="stmt" count="3"/>
      <line num="24" type="stmt" count="3"/>
      <line num="25" type="stmt" count="3"/>
      <line num="26" type="stmt" count="3"/>
      <line num="29" type="stmt" count="3"/>
      <line num="30" type="stmt" count="3"/>
      <line num="34" type="stmt" count="3"/>
      <line num="35" type="stmt" count="3"/>
      <line num="37" type="stmt" count="1"/>
      <metrics loc="36" ncloc="32" classes="1" methods="1" coveredmethods="0" conditionals="0" coveredconditionals="0" statements="12" coveredstatements="11" elements="13" coveredelements="11"/>
    </file>
    <file name="/Users/ramy.hakam/leet_code_php/Tree/ConstructBinaryTreeFromInorderAndPostorderTraversal.php">
      <class name="Hakam\LeetCodePhp\Tree\ConstructBinaryTreeFromInorderAndPostorderTraversal" namespace="global">
        <metrics complexity="4" methods="2" coveredmethods="2" conditionals="0" coveredconditionals="0" statements="13" coveredstatements="13" elements="15" coveredelements="15"/>
      </class>
      <line num="17" type="method" name="buildTree" visibility="public" complexity="2" crap="2" count="1"/>
      <line num="19" type="stmt" count="1"/>
      <line num="20" type="stmt" count="1"/>
      <line num="21" type="stmt" count="1"/>
      <line num="23" type="stmt" count="1"/>
      <line num="25" type="stmt" count="1"/>
      <line num="28" type="method" name="helper" visibility="public" complexity="2" crap="2" count="1"/>
      <line num="30" type="stmt" count="1"/>
      <line num="32" type="stmt" count="1"/>
      <line num="34" type="stmt" count="1"/>
      <line num="35" type="stmt" count="1"/>
      <line num="36" type="stmt" count="1"/>
      <line num="37" type="stmt" count="1"/>
      <line num="38" type="stmt" count="1"/>
      <line num="39" type="stmt" count="1"/>
      <line num="42" type="stmt" count="1"/>
      <metrics loc="41" ncloc="36" classes="1" methods="2" coveredmethods="2" conditionals="0" coveredconditionals="0" statements="13" coveredstatements="13" elements="15" coveredelements="15"/>
    </file>
    <file name="/Users/ramy.hakam/leet_code_php/Tree/ConstructBinaryTreeFromInorderAndPreorderTraversal.php">
      <class name="Hakam\LeetCodePhp\Tree\ConstructBinaryTreeFromInorderAndPreorderTraversal" namespace="global">
        <metrics complexity="4" methods="2" coveredmethods="2" conditionals="0" coveredconditionals="0" statements="12" coveredstatements="12" elements="14" coveredelements="14"/>
      </class>
      <line num="16" type="method" name="buildTree" visibility="public" complexity="2" crap="2" count="1"/>
      <line num="18" type="stmt" count="1"/>
      <line num="20" type="stmt" count="1"/>
      <line num="21" type="stmt" count="1"/>
      <line num="23" type="stmt" count="1"/>
      <line num="27" type="method" name="helper" visibility="public" complexity="2" crap="2" count="1"/>
      <line num="29" type="stmt" count="1"/>
      <line num="30" type="stmt" count="1"/>
      <line num="33" type="stmt" count="1"/>
      <line num="34" type="stmt" count="1"/>
      <line num="35" type="stmt" count="1"/>
      <line num="36" type="stmt" count="1"/>
      <line num="37" type="stmt" count="1"/>
      <line num="38" type="stmt" count="1"/>
      <line num="40" type="stmt" count="1"/>
      <metrics loc="39" ncloc="34" classes="1" methods="2" coveredmethods="2" conditionals="0" coveredconditionals="0" statements="12" coveredstatements="12" elements="14" coveredelements="14"/>
    </file>
    <file name="/Users/ramy.hakam/leet_code_php/Tree/ConvertBinarySearchTreeToSortedDoublyLinkedList.php">
      <class name="Hakam\LeetCodePhp\Tree\ConvertBinarySearchTreeToSortedDoublyLinkedList" namespace="global">
        <metrics complexity="5" methods="2" coveredmethods="0" conditionals="0" coveredconditionals="0" statements="15" coveredstatements="0" elements="17" coveredelements="0"/>
      </class>
      <line num="10" type="method" name="treeToDoublyList" visibility="public" complexity="2" crap="6" count="0"/>
      <line num="12" type="stmt" count="0"/>
      <line num="13" type="stmt" count="0"/>
      <line num="15" type="stmt" count="0"/>
      <line num="16" type="stmt" count="0"/>
      <line num="17" type="stmt" count="0"/>
      <line num="18" type="stmt" count="0"/>
      <line num="21" type="method" name="helper" visibility="private" complexity="3" crap="12" count="0"/>
      <line num="23" type="stmt" count="0"/>
      <line num="24" type="stmt" count="0"/>
      <line num="25" type="stmt" count="0"/>
      <line num="26" type="stmt" count="0"/>
      <line num="27" type="stmt" count="0"/>
      <line num="29" type="stmt" count="0"/>
      <line num="31" type="stmt" count="0"/>
      <line num="32" type="stmt" count="0"/>
      <line num="34" type="stmt" count="0"/>
      <line num="35" type="stmt" count="0"/>
      <metrics loc="34" ncloc="34" classes="1" methods="2" coveredmethods="0" conditionals="0" coveredconditionals="0" statements="15" coveredstatements="0" elements="17" coveredelements="0"/>
    </file>
    <file name="/Users/ramy.hakam/leet_code_php/Tree/ConvertSortedArrayToBinarySearchTree.php">
      <class name="Hakam\LeetCodePhp\Tree\ConvertSortedArrayToBinarySearchTree" namespace="global">
        <metrics complexity="3" methods="2" coveredmethods="2" conditionals="0" coveredconditionals="0" statements="9" coveredstatements="9" elements="11" coveredelements="11"/>
      </class>
      <line num="13" type="method" name="sortedArrayToBST" visibility="public" complexity="1" crap="1" count="2"/>
      <line num="16" type="stmt" count="2"/>
      <line num="17" type="stmt" count="2"/>
      <line num="21" type="method" name="createTreeNode" visibility="public" complexity="2" crap="2" count="2"/>
      <line num="23" type="stmt" count="2"/>
      <line num="24" type="stmt" count="2"/>
      <line num="27" type="stmt" count="2"/>
      <line num="29" type="stmt" count="2"/>
      <line num="30" type="stmt" count="2"/>
      <line num="31" type="stmt" count="2"/>
      <line num="33" type="stmt" count="2"/>
      <line num="35" type="stmt" count="1"/>
      <metrics loc="34" ncloc="29" classes="1" methods="2" coveredmethods="2" conditionals="0" coveredconditionals="0" statements="9" coveredstatements="9" elements="11" coveredelements="11"/>
    </file>
    <file name="/Users/ramy.hakam/leet_code_php/Tree/CountUniValueSubtrees.php">
      <class name="Hakam\LeetCodePhp\Tree\CountUniValueSubtrees" namespace="global">
        <metrics complexity="11" methods="2" coveredmethods="1" conditionals="0" coveredconditionals="0" statements="17" coveredstatements="16" elements="19" coveredelements="17"/>
      </class>
      <line num="13" type="method" name="countUnivalSubtrees" visibility="public" complexity="2" crap="2.06" count="2"/>
      <line num="15" type="stmt" count="2"/>
      <line num="16" type="stmt" count="0"/>
      <line num="18" type="stmt" count="2"/>
      <line num="19" type="stmt" count="2"/>
      <line num="22" type="method" name="getUni" visibility="private" complexity="9" crap="9" count="2"/>
      <line num="24" type="stmt" count="2"/>
      <line num="25" type="stmt" count="2"/>
      <line num="26" type="stmt" count="2"/>
      <line num="29" type="stmt" count="2"/>
      <line num="30" type="stmt" count="2"/>
      <line num="31" type="stmt" count="2"/>
      <line num="32" type="stmt" count="2"/>
      <line num="35" type="stmt" count="2"/>
      <line num="36" type="stmt" count="2"/>
      <line num="39" type="stmt" count="2"/>
      <line num="40" type="stmt" count="1"/>
      <line num="42" type="stmt" count="2"/>
      <line num="43" type="stmt" count="2"/>
      <line num="45" type="stmt" count="1"/>
      <metrics loc="44" ncloc="40" classes="1" methods="2" coveredmethods="1" conditionals="0" coveredconditionals="0" statements="17" coveredstatements="16" elements="19" coveredelements="17"/>
    </file>
    <file name="/Users/ramy.hakam/leet_code_php/Tree/DiameterOfBinaryTree.php">
      <class name="Hakam\LeetCodePhp\Tree\DiameterOfBinaryTree" namespace="global">
        <metrics complexity="3" methods="2" coveredmethods="2" conditionals="0" coveredconditionals="0" statements="8" coveredstatements="8" elements="10" coveredelements="10"/>
      </class>
      <line num="9" type="method" name="diameterOfBinaryTree" visibility="public" complexity="1" crap="1" count="2"/>
      <line num="11" type="stmt" count="2"/>
      <line num="12" type="stmt" count="2"/>
      <line num="15" type="method" name="getMaxPathLength" visibility="private" complexity="2" crap="2" count="2"/>
      <line num="17" type="stmt" count="2"/>
      <line num="18" type="stmt" count="2"/>
      <line num="21" type="stmt" count="2"/>
      <line num="22" type="stmt" count="2"/>
      <line num="24" type="stmt" count="2"/>
      <line num="25" type="stmt" count="2"/>
      <line num="27" type="stmt" count="1"/>
      <metrics loc="26" ncloc="26" classes="1" methods="2" coveredmethods="2" conditionals="0" coveredconditionals="0" statements="8" coveredstatements="8" elements="10" coveredelements="10"/>
    </file>
    <file name="/Users/ramy.hakam/leet_code_php/Tree/FlattenBinaryTreeToLinkedList.php">
      <class name="Hakam\LeetCodePhp\Tree\FlattenBinaryTreeToLinkedList" namespace="global">
        <metrics complexity="6" methods="2" coveredmethods="2" conditionals="0" coveredconditionals="0" statements="13" coveredstatements="13" elements="15" coveredelements="15"/>
      </class>
      <line num="11" type="method" name="flatten" visibility="public" complexity="1" crap="1" count="1"/>
      <line num="13" type="stmt" count="1"/>
      <line num="14" type="stmt" count="1"/>
      <line num="16" type="method" name="getPreOrderLinkedList" visibility="private" complexity="5" crap="5" count="1"/>
      <line num="18" type="stmt" count="1"/>
      <line num="20" type="stmt" count="1"/>
      <line num="22" type="stmt" count="1"/>
      <line num="23" type="stmt" count="1"/>
      <line num="26" type="stmt" count="1"/>
      <line num="27" type="stmt" count="1"/>
      <line num="29" type="stmt" count="1"/>
      <line num="30" type="stmt" count="1"/>
      <line num="31" type="stmt" count="1"/>
      <line num="32" type="stmt" count="1"/>
      <line num="34" type="stmt" count="1"/>
      <line num="36" type="stmt" count="1"/>
      <metrics loc="35" ncloc="31" classes="1" methods="2" coveredmethods="2" conditionals="0" coveredconditionals="0" statements="13" coveredstatements="13" elements="15" coveredelements="15"/>
    </file>
    <file name="/Users/ramy.hakam/leet_code_php/Tree/IntegerToEnglishWords.php">
      <class name="Hakam\LeetCodePhp\Tree\IntegerToEnglishWords" namespace="global">
        <metrics complexity="48" methods="6" coveredmethods="0" conditionals="0" coveredconditionals="0" statements="95" coveredstatements="52" elements="101" coveredelements="52"/>
      </class>
      <line num="11" type="method" name="numberToWords" visibility="public" complexity="5" crap="5.01" count="4"/>
      <line num="13" type="stmt" count="4"/>
      <line num="14" type="stmt" count="4"/>
      <line num="15" type="stmt" count="4"/>
      <line num="16" type="stmt" count="4"/>
      <line num="17" type="stmt" count="4"/>
      <line num="18" type="stmt" count="4"/>
      <line num="19" type="stmt" count="0"/>
      <line num="21" type="stmt" count="4"/>
      <line num="22" type="stmt" count="1"/>
      <line num="24" type="stmt" count="4"/>
      <line num="25" type="stmt" count="2"/>
      <line num="27" type="stmt" count="4"/>
      <line num="28" type="stmt" count="4"/>
      <line num="30" type="stmt" count="4"/>
      <line num="33" type="method" name="ThreeToWord" visibility="private" complexity="7" crap="7.05" count="4"/>
      <line num="35" type="stmt" count="4"/>
      <line num="36" type="stmt" count="4"/>
      <line num="37" type="stmt" count="4"/>
      <line num="38" type="stmt" count="4"/>
      <line num="39" type="stmt" count="3"/>
      <line num="42" type="stmt" count="4"/>
      <line num="43" type="stmt" count="2"/>
      <line num="46" type="stmt" count="4"/>
      <line num="47" type="stmt" count="0"/>
      <line num="50" type="stmt" count="4"/>
      <line num="53" type="method" name="convertOnes" visibility="private" complexity="11" crap="26.12" count="3"/>
      <line num="55" type="stmt" count="3"/>
      <line num="56" type="stmt" count="3"/>
      <line num="57" type="stmt" count="2"/>
      <line num="59" type="stmt" count="3"/>
      <line num="60" type="stmt" count="0"/>
      <line num="62" type="stmt" count="3"/>
      <line num="63" type="stmt" count="3"/>
      <line num="65" type="stmt" count="2"/>
      <line num="66" type="stmt" count="1"/>
      <line num="68" type="stmt" count="2"/>
      <line num="69" type="stmt" count="2"/>
      <line num="71" type="stmt" count="0"/>
      <line num="72" type="stmt" count="0"/>
      <line num="74" type="stmt" count="0"/>
      <line num="75" type="stmt" count="0"/>
      <line num="77" type="stmt" count="0"/>
      <line num="78" type="stmt" count="0"/>
      <line num="80" type="stmt" count="0"/>
      <line num="81" type="stmt" count="0"/>
      <line num="84" type="stmt" count="0"/>
      <line num="88" type="method" name="TwoToWord" visibility="private" complexity="5" crap="5.15" count="4"/>
      <line num="90" type="stmt" count="4"/>
      <line num="91" type="stmt" count="0"/>
      <line num="93" type="stmt" count="4"/>
      <line num="94" type="stmt" count="0"/>
      <line num="96" type="stmt" count="4"/>
      <line num="97" type="stmt" count="2"/>
      <line num="99" type="stmt" count="4"/>
      <line num="100" type="stmt" count="4"/>
      <line num="101" type="stmt" count="4"/>
      <line num="102" type="stmt" count="3"/>
      <line num="104" type="stmt" count="1"/>
      <line num="107" type="method" name="convertLessThan20" visibility="private" complexity="11" crap="66.83" count="2"/>
      <line num="109" type="stmt" count="2"/>
      <line num="110" type="stmt" count="2"/>
      <line num="111" type="stmt" count="0"/>
      <line num="113" type="stmt" count="2"/>
      <line num="114" type="stmt" count="0"/>
      <line num="116" type="stmt" count="2"/>
      <line num="117" type="stmt" count="2"/>
      <line num="119" type="stmt" count="0"/>
      <line num="120" type="stmt" count="0"/>
      <line num="122" type="stmt" count="0"/>
      <line num="123" type="stmt" count="0"/>
      <line num="125" type="stmt" count="0"/>
      <line num="126" type="stmt" count="0"/>
      <line num="128" type="stmt" count="0"/>
      <line num="129" type="stmt" count="0"/>
      <line num="131" type="stmt" count="0"/>
      <line num="132" type="stmt" count="0"/>
      <line num="134" type="stmt" count="0"/>
      <line num="135" type="stmt" count="0"/>
      <line num="137" type="stmt" count="0"/>
      <line num="138" type="stmt" count="0"/>
      <line num="141" type="stmt" count="0"/>
      <line num="144" type="method" name="convertTens" visibility="private" complexity="9" crap="33.00" count="4"/>
      <line num="146" type="stmt" count="4"/>
      <line num="147" type="stmt" count="4"/>
      <line num="148" type="stmt" count="3"/>
      <line num="150" type="stmt" count="2"/>
      <line num="151" type="stmt" count="0"/>
      <line num="153" type="stmt" count="2"/>
      <line num="154" type="stmt" count="2"/>
      <line num="156" type="stmt" count="0"/>
      <line num="157" type="stmt" count="0"/>
      <line num="159" type="stmt" count="0"/>
      <line num="160" type="stmt" count="0"/>
      <line num="162" type="stmt" count="0"/>
      <line num="163" type="stmt" count="0"/>
      <line num="165" type="stmt" count="0"/>
      <line num="166" type="stmt" count="0"/>
      <line num="168" type="stmt" count="0"/>
      <line num="169" type="stmt" count="0"/>
      <line num="172" type="stmt" count="0"/>
      <line num="173" type="stmt" count="1"/>
      <metrics loc="172" ncloc="168" classes="1" methods="6" coveredmethods="0" conditionals="0" coveredconditionals="0" statements="95" coveredstatements="52" elements="101" coveredelements="52"/>
    </file>
    <file name="/Users/ramy.hakam/leet_code_php/Tree/MaximumDepthOfBinaryTree.php">
      <class name="Hakam\LeetCodePhp\Tree\MaximumDepthOfBinaryTree" namespace="global">
        <metrics complexity="2" methods="1" coveredmethods="1" conditionals="0" coveredconditionals="0" statements="3" coveredstatements="3" elements="4" coveredelements="4"/>
      </class>
      <line num="11" type="method" name="maxDepth" visibility="public" complexity="2" crap="2" count="2"/>
      <line num="13" type="stmt" count="2"/>
      <line num="15" type="stmt" count="2"/>
      <line num="17" type="stmt" count="2"/>
      <line num="19" type="stmt" count="1"/>
      <metrics loc="18" ncloc="14" classes="1" methods="1" coveredmethods="1" conditionals="0" coveredconditionals="0" statements="3" coveredstatements="3" elements="4" coveredelements="4"/>
    </file>
    <file name="/Users/ramy.hakam/leet_code_php/Tree/PathSum.php">
      <class name="Hakam\LeetCodePhp\Tree\PathSum" namespace="global">
        <metrics complexity="6" methods="1" coveredmethods="1" conditionals="0" coveredconditionals="0" statements="5" coveredstatements="5" elements="6" coveredelements="6"/>
      </class>
      <line num="12" type="method" name="hasPathSum" visibility="public" complexity="6" crap="6" count="2"/>
      <line num="14" type="stmt" count="2"/>
      <line num="15" type="stmt" count="2"/>
      <line num="16" type="stmt" count="2"/>
      <line num="17" type="stmt" count="2"/>
      <line num="18" type="stmt" count="2"/>
      <line num="20" type="stmt" count="1"/>
      <metrics loc="19" ncloc="14" classes="1" methods="1" coveredmethods="1" conditionals="0" coveredconditionals="0" statements="5" coveredstatements="5" elements="6" coveredelements="6"/>
    </file>
    <file name="/Users/ramy.hakam/leet_code_php/Tree/SameTree.php">
      <class name="Hakam\LeetCodePhp\Tree\SameTree" namespace="global">
        <metrics complexity="9" methods="1" coveredmethods="0" conditionals="0" coveredconditionals="0" statements="8" coveredstatements="7" elements="9" coveredelements="7"/>
      </class>
      <line num="12" type="method" name="isSameTree" visibility="public" complexity="9" crap="9.16" count="2"/>
      <line num="15" type="stmt" count="2"/>
      <line num="16" type="stmt" count="1"/>
      <line num="19" type="stmt" count="2"/>
      <line num="20" type="stmt" count="1"/>
      <line num="23" type="stmt" count="2"/>
      <line num="24" type="stmt" count="2"/>
      <line num="25" type="stmt" count="2"/>
      <line num="27" type="stmt" count="0"/>
      <line num="28" type="stmt" count="1"/>
      <metrics loc="27" ncloc="22" classes="1" methods="1" coveredmethods="0" conditionals="0" coveredconditionals="0" statements="8" coveredstatements="7" elements="9" coveredelements="7"/>
    </file>
    <file name="/Users/ramy.hakam/leet_code_php/Tree/SymmetricTree.php">
      <class name="Hakam\LeetCodePhp\Tree\SymmetricTree" namespace="global">
        <metrics complexity="11" methods="2" coveredmethods="0" conditionals="0" coveredconditionals="0" statements="11" coveredstatements="9" elements="13" coveredelements="9"/>
      </class>
      <line num="11" type="method" name="isSymmetric" visibility="public" complexity="2" crap="2.15" count="2"/>
      <line num="13" type="stmt" count="2"/>
      <line num="14" type="stmt" count="0"/>
      <line num="16" type="stmt" count="2"/>
      <line num="19" type="method" name="helper" visibility="private" complexity="9" crap="9.16" count="2"/>
      <line num="22" type="stmt" count="2"/>
      <line num="23" type="stmt" count="1"/>
      <line num="26" type="stmt" count="2"/>
      <line num="27" type="stmt" count="0"/>
      <line num="30" type="stmt" count="2"/>
      <line num="32" type="stmt" count="1"/>
      <line num="33" type="stmt" count="1"/>
      <line num="35" type="stmt" count="1"/>
      <line num="37" type="stmt" count="1"/>
      <metrics loc="36" ncloc="32" classes="1" methods="2" coveredmethods="0" conditionals="0" coveredconditionals="0" statements="11" coveredstatements="9" elements="13" coveredelements="9"/>
    </file>
    <file name="/Users/ramy.hakam/leet_code_php/Tree/TreeNode.php">
      <class name="Hakam\LeetCodePhp\Tree\TreeNode" namespace="global">
        <metrics complexity="1" methods="0" coveredmethods="0" conditionals="0" coveredconditionals="0" statements="0" coveredstatements="0" elements="0" coveredelements="0"/>
      </class>
      <metrics loc="25" ncloc="16" classes="0" methods="0" coveredmethods="0" conditionals="0" coveredconditionals="0" statements="0" coveredstatements="0" elements="0" coveredelements="0"/>
    </file>
    <file name="/Users/ramy.hakam/leet_code_php/Tree/ValidateBinarySearchTree.php">
      <class name="Hakam\LeetCodePhp\Tree\ValidateBinarySearchTree" namespace="global">
        <metrics complexity="6" methods="2" coveredmethods="2" conditionals="0" coveredconditionals="0" statements="6" coveredstatements="6" elements="8" coveredelements="8"/>
      </class>
      <line num="7" type="method" name="isValidBST" visibility="public" complexity="1" crap="1" count="5"/>
      <line num="9" type="stmt" count="5"/>
      <line num="12" type="method" name="validate" visibility="private" complexity="5" crap="5" count="5"/>
      <line num="14" type="stmt" count="5"/>
      <line num="15" type="stmt" count="5"/>
      <line num="17" type="stmt" count="5"/>
      <line num="18" type="stmt" count="1"/>
      <line num="20" type="stmt" count="5"/>
      <line num="22" type="stmt" count="1"/>
      <metrics loc="21" ncloc="21" classes="1" methods="2" coveredmethods="2" conditionals="0" coveredconditionals="0" statements="6" coveredstatements="6" elements="8" coveredelements="8"/>
    </file>
    <metrics files="43" loc="1591" ncloc="1420" classes="42" methods="63" coveredmethods="37" conditionals="0" coveredconditionals="0" statements="584" coveredstatements="503" elements="647" coveredelements="540"/>
  </project>
</coverage>
